
UsersController
  GET #edit
    ログインユーザーの場合
[32m      レスポンスが成功すること[0m
[32m      @userが正しく設定されていること[0m

Bookモデルのテスト
  バリデーションのテスト
    titleカラム
[32m      空欄でないこと[0m
    bodyカラム
[32m      空欄でないこと[0m
[32m      200文字以下であること: 200文字は〇[0m
[31m      200文字以下であること: 201文字は× (FAILED - 1)[0m
  アソシエーションのテスト
    Userモデルとの関係
[32m      N:1となっている[0m

Userモデルのテスト
  バリデーションのテスト
    nameカラム
[32m      空欄でないこと[0m
[32m      2文字以上であること: 1文字は×[0m
[32m      2文字以上であること: 2文字は〇[0m
[32m      20文字以下であること: 20文字は〇[0m
[31m      20文字以下であること: 21文字は× (FAILED - 2)[0m
[31m      一意性があること (FAILED - 3)[0m
    introductionカラム
[32m      50文字以下であること: 50文字は〇[0m
[31m      50文字以下であること: 51文字は× (FAILED - 4)[0m
  アソシエーションのテスト
    Bookモデルとの関係
[32m      1:Nとなっている[0m

[STEP1] ユーザログイン前のテスト
  トップ画面のテスト
    表示内容の確認
[32m      URLが正しい[0m
[32m      Log inリンクが表示される: 青色のボタンの表示が「Log in」である[0m
[32m      Log inリンクの内容が正しい[0m
[32m      Sign upリンクが表示される: 緑色のボタンの表示が「Sign up」である[0m
[32m      Sign upリンクの内容が正しい[0m
  アバウト画面のテスト
    表示内容の確認
[31m      URLが正しい (FAILED - 5)[0m
  ヘッダーのテスト: ログインしていない場合
    表示内容の確認
[32m      Bookersリンクが表示される: 左上から1番目のリンクが「Bookers」である[0m
[32m      Homeリンクが表示される: 左上から2番目のリンクが「Home」である[0m
[32m      Aboutリンクが表示される: 左上から3番目のリンクが「About」である[0m
[32m      Sign upリンクが表示される: 左上から4番目のリンクが「Sign up」である[0m
[32m      Log inリンクが表示される: 左上から5番目のリンクが「Log in」である[0m
    リンクの内容を確認
[32m      Bookersを押すと、トップ画面に遷移する[0m
[32m      Homeを押すと、トップ画面に遷移する[0m
[31m      Aboutを押すと、アバウト画面に遷移する (FAILED - 6)[0m
[32m      Sign upを押すと、新規登録画面に遷移する[0m
[32m      Log inを押すと、ログイン画面に遷移する[0m
  ユーザ新規登録のテスト
    表示内容の確認
[32m      URLが正しい[0m
[32m      「Sign up」と表示される[0m
[32m      nameフォームが表示される[0m
[32m      emailフォームが表示される[0m
[32m      passwordフォームが表示される[0m
[32m      password_confirmationフォームが表示される[0m
[32m      Sign upボタンが表示される[0m
    新規登録成功のテスト
[32m      正しく新規登録される[0m
[32m      新規登録後のリダイレクト先が、新規登録できたユーザの詳細画面になっている[0m
  ユーザログイン
    表示内容の確認
[32m      URLが正しい[0m
[32m      「Log in」と表示される[0m
[32m      nameフォームが表示される[0m
[32m      passwordフォームが表示される[0m
[32m      Log inボタンが表示される[0m
[32m      emailフォームは表示されない[0m
    ログイン成功のテスト
[32m      ログイン後のリダイレクト先が、ログインしたユーザの詳細画面になっている[0m
    ログイン失敗のテスト
[32m      ログインに失敗し、ログイン画面にリダイレクトされる[0m
  ヘッダーのテスト: ログインしている場合
    ヘッダーの表示を確認
[32m      Bookersリンクが表示される: 左上から1番目のリンクが「Bookers」である[0m
[32m      Homeリンクが表示される: 左上から2番目のリンクが「Home」である[0m
[32m      Usersリンクが表示される: 左上から3番目のリンクが「Users」である[0m
[32m      Booksリンクが表示される: 左上から4番目のリンクが「Books」である[0m
[32m      Log outリンクが表示される: 左上から5番目のリンクが「Log out」である[0m
  ユーザログアウトのテスト
    ログアウト機能のテスト
[31m      正しくログアウトできている: ログアウト後のリダイレクト先においてAbout画面へのリンクが存在する (FAILED - 7)[0m
[32m      ログアウト後のリダイレクト先が、トップになっている[0m

[STEP2] ユーザログイン後のテスト
  ヘッダーのテスト: ログインしている場合
    リンクの内容を確認: ※logoutは『ユーザログアウトのテスト』でテスト済みになります。
[32m      Homeを押すと、自分のユーザ詳細画面に遷移する[0m
[31m      Usersを押すと、ユーザ一覧画面に遷移する (FAILED - 8)[0m
[32m      Booksを押すと、投稿一覧画面に遷移する[0m
  投稿一覧画面のテスト
    表示内容の確認
[32m      URLが正しい[0m
[32m      自分と他人の画像のリンク先が正しい[0m
[32m      自分の投稿と他人の投稿のタイトルのリンク先がそれぞれ正しい[0m
[32m      自分の投稿と他人の投稿のオピニオンが表示される[0m
    サイドバーの確認
[32m      自分の名前と紹介文が表示される[0m
[32m      自分のユーザ編集画面へのリンクが存在する[0m
[32m      「New book」と表示される[0m
[32m      titleフォームが表示される[0m
[32m      titleフォームに値が入っていない[0m
[32m      bodyフォームが表示される[0m
[32m      bodyフォームに値が入っていない[0m
[32m      Create Bookボタンが表示される[0m
    投稿成功のテスト
[32m      自分の新しい投稿が正しく保存される[0m
[32m      リダイレクト先が、保存できた投稿の詳細画面になっている[0m
  自分の投稿詳細画面のテスト
    表示内容の確認
[32m      URLが正しい[0m
[32m      「Book detail」と表示される[0m
[32m      ユーザ画像・名前のリンク先が正しい[0m
[32m      投稿のtitleが表示される[0m
[32m      投稿のbodyが表示される[0m
[32m      投稿の編集リンクが表示される[0m
[32m      投稿の削除リンクが表示される[0m
    サイドバーの確認
[32m      自分の名前と紹介文が表示される[0m
[32m      自分のユーザ編集画面へのリンクが存在する[0m
[32m      「New book」と表示される[0m
[32m      titleフォームが表示される[0m
[32m      titleフォームに値が入っていない[0m
[32m      bodyフォームが表示される[0m
[32m      bodyフォームに値が入っていない[0m
[32m      Create Bookボタンが表示される[0m
    投稿成功のテスト
[32m      自分の新しい投稿が正しく保存される[0m
    編集リンクのテスト
[32m      編集画面に遷移する[0m
    削除リンクのテスト
[32m      application.html.erbにjavascript_pack_tagを含んでいる[0m
[32m      正しく削除される[0m
[32m      リダイレクト先が、投稿一覧画面になっている[0m
  自分の投稿編集画面のテスト
    表示の確認
[32m      URLが正しい[0m
[32m      「Editing Book」と表示される[0m
[32m      title編集フォームが表示される[0m
[32m      body編集フォームが表示される[0m
[32m      Update Bookボタンが表示される[0m
[32m      Showリンクが表示される[0m
[32m      Backリンクが表示される[0m
    編集成功のテスト
[32m      titleが正しく更新される[0m
[32m      bodyが正しく更新される[0m
[32m      リダイレクト先が、更新した投稿の詳細画面になっている[0m
  ユーザ一覧画面のテスト
    表示内容の確認
[31m      URLが正しい (FAILED - 9)[0m
[31m      自分と他人の画像が表示される: fallbackの画像がサイドバーの1つ＋一覧(2人)の2つの計3つ存在する (FAILED - 10)[0m
[31m      自分と他人の名前がそれぞれ表示される (FAILED - 11)[0m
[31m      自分と他人のshowリンクがそれぞれ表示される (FAILED - 12)[0m
    サイドバーの確認
[31m      自分の名前と紹介文が表示される (FAILED - 13)[0m
[31m      自分のユーザ編集画面へのリンクが存在する (FAILED - 14)[0m
[31m      「New book」と表示される (FAILED - 15)[0m
[31m      titleフォームが表示される (FAILED - 16)[0m
[31m      titleフォームに値が入っていない (FAILED - 17)[0m
[31m      bodyフォームが表示される (FAILED - 18)[0m
[31m      bodyフォームに値が入っていない (FAILED - 19)[0m
[31m      Create Bookボタンが表示される (FAILED - 20)[0m
  自分のユーザ詳細画面のテスト
    表示の確認
[32m      URLが正しい[0m
[32m      投稿一覧のユーザ画像のリンク先が正しい[0m
[32m      投稿一覧に自分の投稿のtitleが表示され、リンクが正しい[0m
[32m      投稿一覧に自分の投稿のbodyが表示される[0m
[32m      他人の投稿は表示されない[0m
    サイドバーの確認
[32m      自分の名前と紹介文が表示される[0m
[32m      自分のユーザ編集画面へのリンクが存在する[0m
[32m      「New book」と表示される[0m
[32m      titleフォームが表示される[0m
[32m      titleフォームに値が入っていない[0m
[32m      bodyフォームが表示される[0m
[32m      bodyフォームに値が入っていない[0m
[32m      Create Bookボタンが表示される[0m
  自分のユーザ情報編集画面のテスト
    表示の確認
[32m      URLが正しい[0m
[32m      名前編集フォームに自分の名前が表示される[0m
[31m      画像編集フォームが表示される (FAILED - 21)[0m
[32m      自己紹介編集フォームに自分の自己紹介文が表示される[0m
[32m      Update Userボタンが表示される[0m
    更新成功のテスト
[32m      nameが正しく更新される[0m
[32m      introductionが正しく更新される[0m
[32m      リダイレクト先が、自分のユーザ詳細画面になっている[0m

[STEP3] 仕上げのテスト
  サクセスメッセージのテスト
[31m    ユーザ新規登録成功時 (FAILED - 22)[0m
[31m    ユーザログイン成功時 (FAILED - 23)[0m
[31m    ユーザログアウト成功時 (FAILED - 24)[0m
[31m    ユーザのプロフィール情報更新成功時 (FAILED - 25)[0m
[32m    投稿データの新規投稿成功時: 投稿一覧画面から行います。[0m
[32m    投稿データの更新成功時[0m
  処理失敗時のテスト
    ユーザ新規登録失敗: nameを1文字にする
[32m      新規登録されない[0m
[32m      新規登録画面を表示しており、フォームの内容が正しい[0m
[32m      バリデーションエラーが表示される[0m
    ユーザのプロフィール情報編集失敗: nameを1文字にする
[32m      更新されない[0m
[32m      ユーザ編集画面を表示しており、フォームの内容が正しい[0m
[32m      バリデーションエラーが表示される[0m
    投稿データの新規投稿失敗: 投稿一覧画面から行い、titleを空にする
[32m      投稿が保存されない[0m
[32m      投稿一覧画面を表示している[0m
[32m      新規投稿フォームの内容が正しい[0m
[31m      バリデーションエラーが表示される (FAILED - 26)[0m
    投稿データの更新失敗: titleを空にする
[32m      投稿が更新されない[0m
[32m      投稿編集画面を表示しており、フォームの内容が正しい[0m
[32m      エラーメッセージが表示される[0m
  ログインしていない場合のアクセス制限のテスト: アクセスできず、ログイン画面に遷移する
[32m    ユーザ一覧画面[0m
[32m    ユーザ詳細画面[0m
[32m    ユーザ情報編集画面[0m
[32m    投稿一覧画面[0m
[32m    投稿詳細画面[0m
[32m    投稿編集画面[0m
  他人の画面のテスト
    他人の投稿詳細画面のテスト
      表示内容の確認
[32m        URLが正しい[0m
[32m        「Book detail」と表示される[0m
[32m        ユーザ画像・名前のリンク先が正しい[0m
[32m        投稿のtitleが表示される[0m
[32m        投稿のopinionが表示される[0m
[32m        投稿の編集リンクが表示されない[0m
[32m        投稿の削除リンクが表示されない[0m
      サイドバーの確認
[32m        他人の名前と紹介文が表示される[0m
[32m        他人のユーザ編集画面へのリンクが存在する[0m
[32m        自分の名前と紹介文は表示されない[0m
[32m        自分のユーザ編集画面へのリンクは存在しない[0m
    他人の投稿編集画面
[31m      遷移できず、投稿一覧画面にリダイレクトされる (FAILED - 27)[0m
    他人のユーザ詳細画面のテスト
      表示の確認
[32m        URLが正しい[0m
[32m        投稿一覧のユーザ画像のリンク先が正しい[0m
[32m        投稿一覧に他人の投稿のtitleが表示され、リンクが正しい[0m
[32m        投稿一覧に他人の投稿のopinionが表示される[0m
[32m        自分の投稿は表示されない[0m
      サイドバーの確認
[32m        他人の名前と紹介文が表示される[0m
[32m        他人のユーザ編集画面へのリンクが存在する[0m
[32m        自分の名前と紹介文は表示されない[0m
[32m        自分のユーザ編集画面へのリンクは存在しない[0m
    他人のユーザ情報編集画面
[31m      遷移できず、自分のユーザ詳細画面にリダイレクトされる (FAILED - 28)[0m
  グリッドシステムのテスト: container, row, col-md-〇を正しく使えている
[31m    ユーザ一覧画面 (FAILED - 29)[0m
[32m    ユーザ詳細画面[0m
[32m    投稿一覧画面[0m
[32m    投稿詳細画面[0m
  アイコンのテスト
    トップ画面
[32m      本のアイコンが表示される[0m
    アバウト画面
[31m      本のアイコンが表示される (FAILED - 30)[0m
    ヘッダー: ログインしていない場合
[32m      Homeリンクのアイコンが表示される[0m
[32m      Aboutリンクのアイコンが表示される[0m
[32m      Sign upリンクのアイコンが表示される[0m
[32m      Log inリンクのアイコンが表示される[0m
    ヘッダー: ログインしている場合
[32m      Homeリンクのアイコンが表示される[0m
[32m      Usersリンクのアイコンが表示される[0m
[32m      Booksリンクのアイコンが表示される[0m
[31m      Log outリンクのアイコンが表示される (FAILED - 31)[0m
    サイドバー
[31m      ユーザ一覧画面でレンチアイコンが表示される (FAILED - 32)[0m
[31m      ユーザ詳細画面でレンチアイコンが表示される (FAILED - 33)[0m
[31m      投稿一覧画面でレンチアイコンが表示される (FAILED - 34)[0m
[31m      投稿詳細画面でレンチアイコンが表示される (FAILED - 35)[0m

Failures:

  1) Bookモデルのテスト バリデーションのテスト bodyカラム 200文字以下であること: 201文字は×
     [31mFailure/Error: is_expected.to eq false[0m
     [31m[0m
     [31m  expected: false[0m
     [31m       got: true[0m
     [31m[0m
     [31m  (compared using ==)[0m
     [31m[0m
     [31m  Diff:[0m[0m
     [31m  [0m[34m@@ -1 +1 @@[0m
     [31m  [0m[31m-false[0m
     [31m  [0m[32m+true[0m
     [31m  [0m[0m
     [36m# ./spec/models/book_spec.rb:28:in `block (4 levels) in <main>'[0m

  2) Userモデルのテスト バリデーションのテスト nameカラム 20文字以下であること: 21文字は×
     [31mFailure/Error: is_expected.to eq false[0m
     [31m[0m
     [31m  expected: false[0m
     [31m       got: true[0m
     [31m[0m
     [31m  (compared using ==)[0m
     [31m[0m
     [31m  Diff:[0m[0m
     [31m  [0m[34m@@ -1 +1 @@[0m
     [31m  [0m[31m-false[0m
     [31m  [0m[32m+true[0m
     [31m  [0m[0m
     [36m# ./spec/models/user_spec.rb:29:in `block (4 levels) in <main>'[0m

  3) Userモデルのテスト バリデーションのテスト nameカラム 一意性があること
     [31mFailure/Error: is_expected.to eq false[0m
     [31m[0m
     [31m  expected: false[0m
     [31m       got: true[0m
     [31m[0m
     [31m  (compared using ==)[0m
     [31m[0m
     [31m  Diff:[0m[0m
     [31m  [0m[34m@@ -1 +1 @@[0m
     [31m  [0m[31m-false[0m
     [31m  [0m[32m+true[0m
     [31m  [0m[0m
     [36m# ./spec/models/user_spec.rb:33:in `block (4 levels) in <main>'[0m

  4) Userモデルのテスト バリデーションのテスト introductionカラム 50文字以下であること: 51文字は×
     [31mFailure/Error: is_expected.to eq false[0m
     [31m[0m
     [31m  expected: false[0m
     [31m       got: true[0m
     [31m[0m
     [31m  (compared using ==)[0m
     [31m[0m
     [31m  Diff:[0m[0m
     [31m  [0m[34m@@ -1 +1 @@[0m
     [31m  [0m[31m-false[0m
     [31m  [0m[32m+true[0m
     [31m  [0m[0m
     [36m# ./spec/models/user_spec.rb:44:in `block (4 levels) in <main>'[0m

  5) [STEP1] ユーザログイン前のテスト アバウト画面のテスト 表示内容の確認 URLが正しい
     [31mFailure/Error: visit '/home/about'[0m
     [31m[0m
     [31mActionController::RoutingError:[0m
     [31m  No route matches [GET] "/home/about"[0m
     [36m# ./spec/system/01_before_login_spec.rb:34:in `block (3 levels) in <main>'[0m

  6) [STEP1] ユーザログイン前のテスト ヘッダーのテスト: ログインしていない場合 リンクの内容を確認 Aboutを押すと、アバウト画面に遷移する
     [31mFailure/Error: is_expected.to eq '/home/about'[0m
     [31m[0m
     [31m  expected: "/home/about"[0m
     [31m       got: "/homes/about"[0m
     [31m[0m
     [31m  (compared using ==)[0m
     [36m# ./spec/system/01_before_login_spec.rb:93:in `block (4 levels) in <main>'[0m

  7) [STEP1] ユーザログイン前のテスト ユーザログアウトのテスト ログアウト機能のテスト 正しくログアウトできている: ログアウト後のリダイレクト先においてAbout画面へのリンクが存在する
     [31mFailure/Error: expect(page).to have_link '', href: '/home/about'[0m
     [31m  expected to find link "" with href "/home/about" but there were no matches[0m
     [36m# ./spec/system/01_before_login_spec.rb:259:in `block (4 levels) in <main>'[0m

  8) [STEP2] ユーザログイン後のテスト ヘッダーのテスト: ログインしている場合 リンクの内容を確認: ※logoutは『ユーザログアウトのテスト』でテスト済みになります。 Usersを押すと、ユーザ一覧画面に遷移する
     [31mFailure/Error: <%= form_with model: book, local: true do |f| %>[0m
     [31m[0m
     [31mActionView::Template::Error:[0m
     [31m  undefined method `to_model' for #<ActiveRecord::Relation [#<Book id: 1, title: "m0oyy", body: "c5gws0fa1l1u6mi3pqxa", user_id: 1, created_at: "2025-08-26 12:35:06.041834000 +0000", updated_at: "2025-08-26 12:35:06.041834000 +0000">, #<Book id: 2, title: "ykxmv", body: "p3ggnjbnfo1xwd6nal5d", user_id: 2, created_at: "2025-08-26 12:35:06.052863000 +0000", updated_at: "2025-08-26 12:35:06.052863000 +0000">]>[0m
     [31m  Did you mean?  to_xml[0m
     [36m# ./app/views/users/_list.html.erb:21:in `_app_views_users__list_html_erb__3905728617648766854_24340'[0m
     [36m# ./app/views/users/index.html.erb:4:in `_app_views_users_index_html_erb__2445835799204695879_27400'[0m
     [36m# ./spec/system/02_after_login_spec.rb:29:in `block (4 levels) in <main>'[0m
     [36m# ------------------[0m
     [36m# --- Caused by: ---[0m
     [36m# NoMethodError:[0m
     [36m#   undefined method `to_model' for #<ActiveRecord::Relation []>[0m
     [36m#   Did you mean?  to_xml[0m
     [36m#   ./app/views/users/_list.html.erb:21:in `_app_views_users__list_html_erb__3905728617648766854_24340'[0m

  9) [STEP2] ユーザログイン後のテスト ユーザ一覧画面のテスト 表示内容の確認 URLが正しい
     [31mFailure/Error: <%= form_with model: book, local: true do |f| %>[0m
     [31m[0m
     [31mActionView::Template::Error:[0m
     [31m  undefined method `to_model' for #<ActiveRecord::Relation [#<Book id: 1, title: "jojxo", body: "7f0xje6lfgbms4llidj0", user_id: 1, created_at: "2025-08-26 12:35:22.524205000 +0000", updated_at: "2025-08-26 12:35:22.524205000 +0000">, #<Book id: 2, title: "mtk13", body: "7kj4cdtqp73j4o86sv6y", user_id: 2, created_at: "2025-08-26 12:35:22.534440000 +0000", updated_at: "2025-08-26 12:35:22.534440000 +0000">]>[0m
     [31m  Did you mean?  to_xml[0m
     [36m# ./app/views/users/_list.html.erb:21:in `_app_views_users__list_html_erb__3905728617648766854_24340'[0m
     [36m# ./app/views/users/index.html.erb:4:in `_app_views_users_index_html_erb__2445835799204695879_27400'[0m
     [36m# ./spec/system/02_after_login_spec.rb:265:in `block (3 levels) in <main>'[0m
     [36m# ------------------[0m
     [36m# --- Caused by: ---[0m
     [36m# NoMethodError:[0m
     [36m#   undefined method `to_model' for #<ActiveRecord::Relation []>[0m
     [36m#   Did you mean?  to_xml[0m
     [36m#   ./app/views/users/_list.html.erb:21:in `_app_views_users__list_html_erb__3905728617648766854_24340'[0m

  10) [STEP2] ユーザログイン後のテスト ユーザ一覧画面のテスト 表示内容の確認 自分と他人の画像が表示される: fallbackの画像がサイドバーの1つ＋一覧(2人)の2つの計3つ存在する
      [31mFailure/Error: <%= form_with model: book, local: true do |f| %>[0m
      [31m[0m
      [31mActionView::Template::Error:[0m
      [31m  undefined method `to_model' for #<ActiveRecord::Relation [#<Book id: 1, title: "vl0fk", body: "p6sr3gfzygf5jflt5ykd", user_id: 1, created_at: "2025-08-26 12:35:22.870182000 +0000", updated_at: "2025-08-26 12:35:22.870182000 +0000">, #<Book id: 2, title: "xlrtg", body: "pq04a657vqqa9vnkjmg2", user_id: 2, created_at: "2025-08-26 12:35:22.880958000 +0000", updated_at: "2025-08-26 12:35:22.880958000 +0000">]>[0m
      [31m  Did you mean?  to_xml[0m
      [36m# ./app/views/users/_list.html.erb:21:in `_app_views_users__list_html_erb__3905728617648766854_24340'[0m
      [36m# ./app/views/users/index.html.erb:4:in `_app_views_users_index_html_erb__2445835799204695879_27400'[0m
      [36m# ./spec/system/02_after_login_spec.rb:265:in `block (3 levels) in <main>'[0m
      [36m# ------------------[0m
      [36m# --- Caused by: ---[0m
      [36m# NoMethodError:[0m
      [36m#   undefined method `to_model' for #<ActiveRecord::Relation []>[0m
      [36m#   Did you mean?  to_xml[0m
      [36m#   ./app/views/users/_list.html.erb:21:in `_app_views_users__list_html_erb__3905728617648766854_24340'[0m

  11) [STEP2] ユーザログイン後のテスト ユーザ一覧画面のテスト 表示内容の確認 自分と他人の名前がそれぞれ表示される
      [31mFailure/Error: <%= form_with model: book, local: true do |f| %>[0m
      [31m[0m
      [31mActionView::Template::Error:[0m
      [31m  undefined method `to_model' for #<ActiveRecord::Relation [#<Book id: 1, title: "zg7un", body: "w5k8pwszfsr8aljkv8ex", user_id: 1, created_at: "2025-08-26 12:35:23.232645000 +0000", updated_at: "2025-08-26 12:35:23.232645000 +0000">, #<Book id: 2, title: "gp2wd", body: "y0k37hg39o33q5ib3xfm", user_id: 2, created_at: "2025-08-26 12:35:23.237794000 +0000", updated_at: "2025-08-26 12:35:23.237794000 +0000">]>[0m
      [31m  Did you mean?  to_xml[0m
      [36m# ./app/views/users/_list.html.erb:21:in `_app_views_users__list_html_erb__3905728617648766854_24340'[0m
      [36m# ./app/views/users/index.html.erb:4:in `_app_views_users_index_html_erb__2445835799204695879_27400'[0m
      [36m# ./spec/system/02_after_login_spec.rb:265:in `block (3 levels) in <main>'[0m
      [36m# ------------------[0m
      [36m# --- Caused by: ---[0m
      [36m# NoMethodError:[0m
      [36m#   undefined method `to_model' for #<ActiveRecord::Relation []>[0m
      [36m#   Did you mean?  to_xml[0m
      [36m#   ./app/views/users/_list.html.erb:21:in `_app_views_users__list_html_erb__3905728617648766854_24340'[0m

  12) [STEP2] ユーザログイン後のテスト ユーザ一覧画面のテスト 表示内容の確認 自分と他人のshowリンクがそれぞれ表示される
      [31mFailure/Error: <%= form_with model: book, local: true do |f| %>[0m
      [31m[0m
      [31mActionView::Template::Error:[0m
      [31m  undefined method `to_model' for #<ActiveRecord::Relation [#<Book id: 1, title: "10ca5", body: "fldv8d0hwkxp2jeu4x9k", user_id: 1, created_at: "2025-08-26 12:35:23.571526000 +0000", updated_at: "2025-08-26 12:35:23.571526000 +0000">, #<Book id: 2, title: "jij7f", body: "d16os90mcb1anowlzsn5", user_id: 2, created_at: "2025-08-26 12:35:23.576413000 +0000", updated_at: "2025-08-26 12:35:23.576413000 +0000">]>[0m
      [31m  Did you mean?  to_xml[0m
      [36m# ./app/views/users/_list.html.erb:21:in `_app_views_users__list_html_erb__3905728617648766854_24340'[0m
      [36m# ./app/views/users/index.html.erb:4:in `_app_views_users_index_html_erb__2445835799204695879_27400'[0m
      [36m# ./spec/system/02_after_login_spec.rb:265:in `block (3 levels) in <main>'[0m
      [36m# ------------------[0m
      [36m# --- Caused by: ---[0m
      [36m# NoMethodError:[0m
      [36m#   undefined method `to_model' for #<ActiveRecord::Relation []>[0m
      [36m#   Did you mean?  to_xml[0m
      [36m#   ./app/views/users/_list.html.erb:21:in `_app_views_users__list_html_erb__3905728617648766854_24340'[0m

  13) [STEP2] ユーザログイン後のテスト ユーザ一覧画面のテスト サイドバーの確認 自分の名前と紹介文が表示される
      [31mFailure/Error: <%= form_with model: book, local: true do |f| %>[0m
      [31m[0m
      [31mActionView::Template::Error:[0m
      [31m  undefined method `to_model' for #<ActiveRecord::Relation [#<Book id: 1, title: "0n8ct", body: "uhmlzk2iw4y3ervcmi1h", user_id: 1, created_at: "2025-08-26 12:35:23.911952000 +0000", updated_at: "2025-08-26 12:35:23.911952000 +0000">, #<Book id: 2, title: "wzbpx", body: "uwiniwcst01wmskzfv4x", user_id: 2, created_at: "2025-08-26 12:35:23.920461000 +0000", updated_at: "2025-08-26 12:35:23.920461000 +0000">]>[0m
      [31m  Did you mean?  to_xml[0m
      [36m# ./app/views/users/_list.html.erb:21:in `_app_views_users__list_html_erb__3905728617648766854_24340'[0m
      [36m# ./app/views/users/index.html.erb:4:in `_app_views_users_index_html_erb__2445835799204695879_27400'[0m
      [36m# ./spec/system/02_after_login_spec.rb:265:in `block (3 levels) in <main>'[0m
      [36m# ------------------[0m
      [36m# --- Caused by: ---[0m
      [36m# NoMethodError:[0m
      [36m#   undefined method `to_model' for #<ActiveRecord::Relation []>[0m
      [36m#   Did you mean?  to_xml[0m
      [36m#   ./app/views/users/_list.html.erb:21:in `_app_views_users__list_html_erb__3905728617648766854_24340'[0m

  14) [STEP2] ユーザログイン後のテスト ユーザ一覧画面のテスト サイドバーの確認 自分のユーザ編集画面へのリンクが存在する
      [31mFailure/Error: <%= form_with model: book, local: true do |f| %>[0m
      [31m[0m
      [31mActionView::Template::Error:[0m
      [31m  undefined method `to_model' for #<ActiveRecord::Relation [#<Book id: 1, title: "htlwx", body: "il7dpywpgvbg522fxgs8", user_id: 1, created_at: "2025-08-26 12:35:24.258881000 +0000", updated_at: "2025-08-26 12:35:24.258881000 +0000">, #<Book id: 2, title: "kd7kr", body: "zhwzp1r4zrtpr743zw2l", user_id: 2, created_at: "2025-08-26 12:35:24.271694000 +0000", updated_at: "2025-08-26 12:35:24.271694000 +0000">]>[0m
      [31m  Did you mean?  to_xml[0m
      [36m# ./app/views/users/_list.html.erb:21:in `_app_views_users__list_html_erb__3905728617648766854_24340'[0m
      [36m# ./app/views/users/index.html.erb:4:in `_app_views_users_index_html_erb__2445835799204695879_27400'[0m
      [36m# ./spec/system/02_after_login_spec.rb:265:in `block (3 levels) in <main>'[0m
      [36m# ------------------[0m
      [36m# --- Caused by: ---[0m
      [36m# NoMethodError:[0m
      [36m#   undefined method `to_model' for #<ActiveRecord::Relation []>[0m
      [36m#   Did you mean?  to_xml[0m
      [36m#   ./app/views/users/_list.html.erb:21:in `_app_views_users__list_html_erb__3905728617648766854_24340'[0m

  15) [STEP2] ユーザログイン後のテスト ユーザ一覧画面のテスト サイドバーの確認 「New book」と表示される
      [31mFailure/Error: <%= form_with model: book, local: true do |f| %>[0m
      [31m[0m
      [31mActionView::Template::Error:[0m
      [31m  undefined method `to_model' for #<ActiveRecord::Relation [#<Book id: 1, title: "ix6qo", body: "qlaz8ljoiz3c40ijpfeq", user_id: 1, created_at: "2025-08-26 12:35:24.601107000 +0000", updated_at: "2025-08-26 12:35:24.601107000 +0000">, #<Book id: 2, title: "lhy59", body: "gvmr77zc7z2twh8eyru8", user_id: 2, created_at: "2025-08-26 12:35:24.607437000 +0000", updated_at: "2025-08-26 12:35:24.607437000 +0000">]>[0m
      [31m  Did you mean?  to_xml[0m
      [36m# ./app/views/users/_list.html.erb:21:in `_app_views_users__list_html_erb__3905728617648766854_24340'[0m
      [36m# ./app/views/users/index.html.erb:4:in `_app_views_users_index_html_erb__2445835799204695879_27400'[0m
      [36m# ./spec/system/02_after_login_spec.rb:265:in `block (3 levels) in <main>'[0m
      [36m# ------------------[0m
      [36m# --- Caused by: ---[0m
      [36m# NoMethodError:[0m
      [36m#   undefined method `to_model' for #<ActiveRecord::Relation []>[0m
      [36m#   Did you mean?  to_xml[0m
      [36m#   ./app/views/users/_list.html.erb:21:in `_app_views_users__list_html_erb__3905728617648766854_24340'[0m

  16) [STEP2] ユーザログイン後のテスト ユーザ一覧画面のテスト サイドバーの確認 titleフォームが表示される
      [31mFailure/Error: <%= form_with model: book, local: true do |f| %>[0m
      [31m[0m
      [31mActionView::Template::Error:[0m
      [31m  undefined method `to_model' for #<ActiveRecord::Relation [#<Book id: 1, title: "u8sqx", body: "7980f9eq4emwzfwltpuq", user_id: 1, created_at: "2025-08-26 12:35:24.956591000 +0000", updated_at: "2025-08-26 12:35:24.956591000 +0000">, #<Book id: 2, title: "55iio", body: "royep0uwyizf721icukj", user_id: 2, created_at: "2025-08-26 12:35:24.961548000 +0000", updated_at: "2025-08-26 12:35:24.961548000 +0000">]>[0m
      [31m  Did you mean?  to_xml[0m
      [36m# ./app/views/users/_list.html.erb:21:in `_app_views_users__list_html_erb__3905728617648766854_24340'[0m
      [36m# ./app/views/users/index.html.erb:4:in `_app_views_users_index_html_erb__2445835799204695879_27400'[0m
      [36m# ./spec/system/02_after_login_spec.rb:265:in `block (3 levels) in <main>'[0m
      [36m# ------------------[0m
      [36m# --- Caused by: ---[0m
      [36m# NoMethodError:[0m
      [36m#   undefined method `to_model' for #<ActiveRecord::Relation []>[0m
      [36m#   Did you mean?  to_xml[0m
      [36m#   ./app/views/users/_list.html.erb:21:in `_app_views_users__list_html_erb__3905728617648766854_24340'[0m

  17) [STEP2] ユーザログイン後のテスト ユーザ一覧画面のテスト サイドバーの確認 titleフォームに値が入っていない
      [31mFailure/Error: <%= form_with model: book, local: true do |f| %>[0m
      [31m[0m
      [31mActionView::Template::Error:[0m
      [31m  undefined method `to_model' for #<ActiveRecord::Relation [#<Book id: 1, title: "1wctt", body: "w3hy8037ejyf8eqhdlgk", user_id: 1, created_at: "2025-08-26 12:35:25.262553000 +0000", updated_at: "2025-08-26 12:35:25.262553000 +0000">, #<Book id: 2, title: "t57s2", body: "rbl20w6muqd1u55osz8h", user_id: 2, created_at: "2025-08-26 12:35:25.272305000 +0000", updated_at: "2025-08-26 12:35:25.272305000 +0000">]>[0m
      [31m  Did you mean?  to_xml[0m
      [36m# ./app/views/users/_list.html.erb:21:in `_app_views_users__list_html_erb__3905728617648766854_24340'[0m
      [36m# ./app/views/users/index.html.erb:4:in `_app_views_users_index_html_erb__2445835799204695879_27400'[0m
      [36m# ./spec/system/02_after_login_spec.rb:265:in `block (3 levels) in <main>'[0m
      [36m# ------------------[0m
      [36m# --- Caused by: ---[0m
      [36m# NoMethodError:[0m
      [36m#   undefined method `to_model' for #<ActiveRecord::Relation []>[0m
      [36m#   Did you mean?  to_xml[0m
      [36m#   ./app/views/users/_list.html.erb:21:in `_app_views_users__list_html_erb__3905728617648766854_24340'[0m

  18) [STEP2] ユーザログイン後のテスト ユーザ一覧画面のテスト サイドバーの確認 bodyフォームが表示される
      [31mFailure/Error: <%= form_with model: book, local: true do |f| %>[0m
      [31m[0m
      [31mActionView::Template::Error:[0m
      [31m  undefined method `to_model' for #<ActiveRecord::Relation [#<Book id: 1, title: "78ivl", body: "zqzuxls6mir1idogtxod", user_id: 1, created_at: "2025-08-26 12:35:25.618224000 +0000", updated_at: "2025-08-26 12:35:25.618224000 +0000">, #<Book id: 2, title: "ajngq", body: "rr6jm6a3la3g7w1mxfqt", user_id: 2, created_at: "2025-08-26 12:35:25.621796000 +0000", updated_at: "2025-08-26 12:35:25.621796000 +0000">]>[0m
      [31m  Did you mean?  to_xml[0m
      [36m# ./app/views/users/_list.html.erb:21:in `_app_views_users__list_html_erb__3905728617648766854_24340'[0m
      [36m# ./app/views/users/index.html.erb:4:in `_app_views_users_index_html_erb__2445835799204695879_27400'[0m
      [36m# ./spec/system/02_after_login_spec.rb:265:in `block (3 levels) in <main>'[0m
      [36m# ------------------[0m
      [36m# --- Caused by: ---[0m
      [36m# NoMethodError:[0m
      [36m#   undefined method `to_model' for #<ActiveRecord::Relation []>[0m
      [36m#   Did you mean?  to_xml[0m
      [36m#   ./app/views/users/_list.html.erb:21:in `_app_views_users__list_html_erb__3905728617648766854_24340'[0m

  19) [STEP2] ユーザログイン後のテスト ユーザ一覧画面のテスト サイドバーの確認 bodyフォームに値が入っていない
      [31mFailure/Error: <%= form_with model: book, local: true do |f| %>[0m
      [31m[0m
      [31mActionView::Template::Error:[0m
      [31m  undefined method `to_model' for #<ActiveRecord::Relation [#<Book id: 1, title: "rly5z", body: "6upn8qwtm1trcaktldi5", user_id: 1, created_at: "2025-08-26 12:35:25.965122000 +0000", updated_at: "2025-08-26 12:35:25.965122000 +0000">, #<Book id: 2, title: "9rqhp", body: "curnlds2xo4ihi1iw46x", user_id: 2, created_at: "2025-08-26 12:35:25.970658000 +0000", updated_at: "2025-08-26 12:35:25.970658000 +0000">]>[0m
      [31m  Did you mean?  to_xml[0m
      [36m# ./app/views/users/_list.html.erb:21:in `_app_views_users__list_html_erb__3905728617648766854_24340'[0m
      [36m# ./app/views/users/index.html.erb:4:in `_app_views_users_index_html_erb__2445835799204695879_27400'[0m
      [36m# ./spec/system/02_after_login_spec.rb:265:in `block (3 levels) in <main>'[0m
      [36m# ------------------[0m
      [36m# --- Caused by: ---[0m
      [36m# NoMethodError:[0m
      [36m#   undefined method `to_model' for #<ActiveRecord::Relation []>[0m
      [36m#   Did you mean?  to_xml[0m
      [36m#   ./app/views/users/_list.html.erb:21:in `_app_views_users__list_html_erb__3905728617648766854_24340'[0m

  20) [STEP2] ユーザログイン後のテスト ユーザ一覧画面のテスト サイドバーの確認 Create Bookボタンが表示される
      [31mFailure/Error: <%= form_with model: book, local: true do |f| %>[0m
      [31m[0m
      [31mActionView::Template::Error:[0m
      [31m  undefined method `to_model' for #<ActiveRecord::Relation [#<Book id: 1, title: "du5pm", body: "ohja2kf270axf65djm62", user_id: 1, created_at: "2025-08-26 12:35:26.309499000 +0000", updated_at: "2025-08-26 12:35:26.309499000 +0000">, #<Book id: 2, title: "jb5z5", body: "ddl2698kxr7rc2kcso2x", user_id: 2, created_at: "2025-08-26 12:35:26.321085000 +0000", updated_at: "2025-08-26 12:35:26.321085000 +0000">]>[0m
      [31m  Did you mean?  to_xml[0m
      [36m# ./app/views/users/_list.html.erb:21:in `_app_views_users__list_html_erb__3905728617648766854_24340'[0m
      [36m# ./app/views/users/index.html.erb:4:in `_app_views_users_index_html_erb__2445835799204695879_27400'[0m
      [36m# ./spec/system/02_after_login_spec.rb:265:in `block (3 levels) in <main>'[0m
      [36m# ------------------[0m
      [36m# --- Caused by: ---[0m
      [36m# NoMethodError:[0m
      [36m#   undefined method `to_model' for #<ActiveRecord::Relation []>[0m
      [36m#   Did you mean?  to_xml[0m
      [36m#   ./app/views/users/_list.html.erb:21:in `_app_views_users__list_html_erb__3905728617648766854_24340'[0m

  21) [STEP2] ユーザログイン後のテスト 自分のユーザ情報編集画面のテスト 表示の確認 画像編集フォームが表示される
      [31mFailure/Error: expect(page).to have_field 'user[profile_image]'[0m
      [31m  expected to find field "user[profile_image]" that is not disabled but there were no matches[0m
      [36m# ./spec/system/02_after_login_spec.rb:381:in `block (4 levels) in <main>'[0m

  22) [STEP3] 仕上げのテスト サクセスメッセージのテスト ユーザ新規登録成功時
      [31mFailure/Error: is_expected.to have_content 'successfully'[0m
      [31m  expected to find text "successfully" in "Bookers\nHome Users Books Log out\nUser info\nname:vi7f3k7aq introduction:\nNew book\nTitle\nOpinion\nBooks\nTitle Opinion\nCopyRight Infratop.inc"[0m
      [36m# ./spec/system/03_finishing_touches_spec.rb:19:in `block (3 levels) in <main>'[0m

  23) [STEP3] 仕上げのテスト サクセスメッセージのテスト ユーザログイン成功時
      [31mFailure/Error: is_expected.to have_content 'successfully'[0m
      [31m  expected to find text "successfully" in "Bookers\nHome Users Books Log out\nUser info\nname:knjrg8yqth introduction:n9pbtatajti55noj4f74\nNew book\nTitle\nOpinion\nBooks\nTitle Opinion zl0om v5z0wb3gp4prwmkv6fdf\nCopyRight Infratop.inc"[0m
      [36m# ./spec/system/03_finishing_touches_spec.rb:26:in `block (3 levels) in <main>'[0m

  24) [STEP3] 仕上げのテスト サクセスメッセージのテスト ユーザログアウト成功時
      [31mFailure/Error: is_expected.to have_content 'successfully'[0m
      [31m  expected to find text "successfully" in "Bookers\nHome About Sign up Log in\nwelcome to Bookers !!\nin Bookers,\nyou can share and exchange your opinions , inpressions , and emotions\nabout various books!\nLog in\nSign up\nCopyRight Infratop.inc"[0m
      [36m# ./spec/system/03_finishing_touches_spec.rb:36:in `block (3 levels) in <main>'[0m

  25) [STEP3] 仕上げのテスト サクセスメッセージのテスト ユーザのプロフィール情報更新成功時
      [31mFailure/Error: is_expected.to have_content 'successfully'[0m
      [31m  expected to find text "successfully" in "Bookers\nHome Users Books Log out\nUser info\nname:l4k481ktyl introduction:vcxgz00abhe6c84xjmvc\nNew book\nTitle\nOpinion\nBooks\nTitle Opinion enj35 ifxn9o3fm522fuzdp874\nCopyRight Infratop.inc"[0m
      [36m# ./spec/system/03_finishing_touches_spec.rb:45:in `block (3 levels) in <main>'[0m

  26) [STEP3] 仕上げのテスト 処理失敗時のテスト 投稿データの新規投稿失敗: 投稿一覧画面から行い、titleを空にする バリデーションエラーが表示される
      [31mFailure/Error: expect(page).to have_content "can't be blank"[0m
      [31m  expected to find text "can't be blank" in "Bookers\nHome Users Books Log out\nUser info\nname:jycmp6cwfj introduction:jpnuu0petmc220d6ekl4\nNew book\nTitle\nOpinion 1oa1oknod8fcjncep7k\nBooks\nTitle Opinion zuciv 78z9tumsj3u5xqnmaa5z 1e441 au61ouypctgh43lzrxh9\nCopyRight Infratop.inc"[0m
      [36m# ./spec/system/03_finishing_touches_spec.rb:146:in `block (4 levels) in <main>'[0m

  27) [STEP3] 仕上げのテスト 他人の画面のテスト 他人の投稿編集画面 遷移できず、投稿一覧画面にリダイレクトされる
      [31mFailure/Error: expect(current_path).to eq '/books'[0m
      [31m[0m
      [31m  expected: "/books"[0m
      [31m       got: "/books/3/edit"[0m
      [31m[0m
      [31m  (compared using ==)[0m
      [36m# ./spec/system/03_finishing_touches_spec.rb:269:in `block (4 levels) in <main>'[0m

  28) [STEP3] 仕上げのテスト 他人の画面のテスト 他人のユーザ情報編集画面 遷移できず、自分のユーザ詳細画面にリダイレクトされる
      [31mFailure/Error: expect(current_path).to eq '/users/' + user.id.to_s[0m
      [31m[0m
      [31m  expected: "/users/1"[0m
      [31m       got: "/users/2"[0m
      [31m[0m
      [31m  (compared using ==)[0m
      [36m# ./spec/system/03_finishing_touches_spec.rb:318:in `block (4 levels) in <main>'[0m

  29) [STEP3] 仕上げのテスト グリッドシステムのテスト: container, row, col-md-〇を正しく使えている ユーザ一覧画面
      [31mFailure/Error: <%= form_with model: book, local: true do |f| %>[0m
      [31m[0m
      [31mActionView::Template::Error:[0m
      [31m  undefined method `to_model' for #<ActiveRecord::Relation [#<Book id: 1, title: "hezoi", body: "os6u6nq6ke61iw3zt0rb", user_id: 1, created_at: "2025-08-26 12:35:50.907221000 +0000", updated_at: "2025-08-26 12:35:50.907221000 +0000">, #<Book id: 2, title: "vzikd", body: "r61ddm1fcoh2mnkzh78f", user_id: 2, created_at: "2025-08-26 12:35:50.918387000 +0000", updated_at: "2025-08-26 12:35:50.918387000 +0000">]>[0m
      [31m  Did you mean?  to_xml[0m
      [36m# ./app/views/users/_list.html.erb:21:in `_app_views_users__list_html_erb__3905728617648766854_24340'[0m
      [36m# ./app/views/users/index.html.erb:4:in `_app_views_users_index_html_erb__2445835799204695879_27400'[0m
      [36m# ./spec/system/03_finishing_touches_spec.rb:334:in `block (3 levels) in <main>'[0m
      [36m# ------------------[0m
      [36m# --- Caused by: ---[0m
      [36m# NoMethodError:[0m
      [36m#   undefined method `to_model' for #<ActiveRecord::Relation []>[0m
      [36m#   Did you mean?  to_xml[0m
      [36m#   ./app/views/users/_list.html.erb:21:in `_app_views_users__list_html_erb__3905728617648766854_24340'[0m

  30) [STEP3] 仕上げのテスト アイコンのテスト アバウト画面 本のアイコンが表示される
      [31mFailure/Error: visit '/home/about'[0m
      [31m[0m
      [31mActionController::RoutingError:[0m
      [31m  No route matches [GET] "/home/about"[0m
      [36m# ./spec/system/03_finishing_touches_spec.rb:372:in `block (4 levels) in <main>'[0m

  31) [STEP3] 仕上げのテスト アイコンのテスト ヘッダー: ログインしている場合 Log outリンクのアイコンが表示される
      [31mFailure/Error: is_expected.to have_selector '.fa-solid.fa-right-from-bracket, .fa-solid.fa-sign-out-alt, .fas.fa-sign-out-alt'[0m
      [31m  expected to find css ".fa-solid.fa-right-from-bracket, .fa-solid.fa-sign-out-alt, .fas.fa-sign-out-alt" but there were no matches[0m
      [36m# ./spec/system/03_finishing_touches_spec.rb:421:in `block (4 levels) in <main>'[0m

  32) [STEP3] 仕上げのテスト アイコンのテスト サイドバー ユーザ一覧画面でレンチアイコンが表示される
      [31mFailure/Error: <%= form_with model: book, local: true do |f| %>[0m
      [31m[0m
      [31mActionView::Template::Error:[0m
      [31m  undefined method `to_model' for #<ActiveRecord::Relation [#<Book id: 1, title: "26d25", body: "ik2kdp8s3pqcfn4u2b0p", user_id: 1, created_at: "2025-08-26 12:35:54.435112000 +0000", updated_at: "2025-08-26 12:35:54.435112000 +0000">, #<Book id: 2, title: "7i25t", body: "d93wl8czjpvnqx6f6zfw", user_id: 2, created_at: "2025-08-26 12:35:54.449423000 +0000", updated_at: "2025-08-26 12:35:54.449423000 +0000">]>[0m
      [31m  Did you mean?  to_xml[0m
      [36m# ./app/views/users/_list.html.erb:21:in `_app_views_users__list_html_erb__3905728617648766854_24340'[0m
      [36m# ./app/views/users/index.html.erb:4:in `_app_views_users_index_html_erb__2445835799204695879_27400'[0m
      [36m# ./spec/system/03_finishing_touches_spec.rb:436:in `block (4 levels) in <main>'[0m
      [36m# ------------------[0m
      [36m# --- Caused by: ---[0m
      [36m# NoMethodError:[0m
      [36m#   undefined method `to_model' for #<ActiveRecord::Relation []>[0m
      [36m#   Did you mean?  to_xml[0m
      [36m#   ./app/views/users/_list.html.erb:21:in `_app_views_users__list_html_erb__3905728617648766854_24340'[0m

  33) [STEP3] 仕上げのテスト アイコンのテスト サイドバー ユーザ詳細画面でレンチアイコンが表示される
      [31mFailure/Error: is_expected.to have_selector '.fa-solid.fa-user-gear, .fa-solid.fa-user-cog, .fas.fa-user-cog'[0m
      [31m  expected to find css ".fa-solid.fa-user-gear, .fa-solid.fa-user-cog, .fas.fa-user-cog" but there were no matches[0m
      [36m# ./spec/system/03_finishing_touches_spec.rb:441:in `block (4 levels) in <main>'[0m

  34) [STEP3] 仕上げのテスト アイコンのテスト サイドバー 投稿一覧画面でレンチアイコンが表示される
      [31mFailure/Error: is_expected.to have_selector '.fa-solid.fa-user-gear, .fa-solid.fa-user-cog, .fas.fa-user-cog'[0m
      [31m  expected to find css ".fa-solid.fa-user-gear, .fa-solid.fa-user-cog, .fas.fa-user-cog" but there were no matches[0m
      [36m# ./spec/system/03_finishing_touches_spec.rb:445:in `block (4 levels) in <main>'[0m

  35) [STEP3] 仕上げのテスト アイコンのテスト サイドバー 投稿詳細画面でレンチアイコンが表示される
      [31mFailure/Error: is_expected.to have_selector '.fa-solid.fa-user-gear, .fa-solid.fa-user-cog, .fas.fa-user-cog'[0m
      [31m  expected to find css ".fa-solid.fa-user-gear, .fa-solid.fa-user-cog, .fas.fa-user-cog" but there were no matches[0m
      [36m# ./spec/system/03_finishing_touches_spec.rb:449:in `block (4 levels) in <main>'[0m

Finished in 57.55 seconds (files took 4.21 seconds to load)
[31m201 examples, 35 failures[0m

Failed examples:

[31mrspec ./spec/models/book_spec.rb:26[0m [36m# Bookモデルのテスト バリデーションのテスト bodyカラム 200文字以下であること: 201文字は×[0m
[31mrspec ./spec/models/user_spec.rb:27[0m [36m# Userモデルのテスト バリデーションのテスト nameカラム 20文字以下であること: 21文字は×[0m
[31mrspec ./spec/models/user_spec.rb:31[0m [36m# Userモデルのテスト バリデーションのテスト nameカラム 一意性があること[0m
[31mrspec ./spec/models/user_spec.rb:42[0m [36m# Userモデルのテスト バリデーションのテスト introductionカラム 50文字以下であること: 51文字は×[0m
[31mrspec ./spec/system/01_before_login_spec.rb:38[0m [36m# [STEP1] ユーザログイン前のテスト アバウト画面のテスト 表示内容の確認 URLが正しい[0m
[31mrspec ./spec/system/01_before_login_spec.rb:89[0m [36m# [STEP1] ユーザログイン前のテスト ヘッダーのテスト: ログインしていない場合 リンクの内容を確認 Aboutを押すと、アバウト画面に遷移する[0m
[31mrspec ./spec/system/01_before_login_spec.rb:258[0m [36m# [STEP1] ユーザログイン前のテスト ユーザログアウトのテスト ログアウト機能のテスト 正しくログアウトできている: ログアウト後のリダイレクト先においてAbout画面へのリンクが存在する[0m
[31mrspec ./spec/system/02_after_login_spec.rb:26[0m [36m# [STEP2] ユーザログイン後のテスト ヘッダーのテスト: ログインしている場合 リンクの内容を確認: ※logoutは『ユーザログアウトのテスト』でテスト済みになります。 Usersを押すと、ユーザ一覧画面に遷移する[0m
[31mrspec ./spec/system/02_after_login_spec.rb:269[0m [36m# [STEP2] ユーザログイン後のテスト ユーザ一覧画面のテスト 表示内容の確認 URLが正しい[0m
[31mrspec ./spec/system/02_after_login_spec.rb:272[0m [36m# [STEP2] ユーザログイン後のテスト ユーザ一覧画面のテスト 表示内容の確認 自分と他人の画像が表示される: fallbackの画像がサイドバーの1つ＋一覧(2人)の2つの計3つ存在する[0m
[31mrspec ./spec/system/02_after_login_spec.rb:275[0m [36m# [STEP2] ユーザログイン後のテスト ユーザ一覧画面のテスト 表示内容の確認 自分と他人の名前がそれぞれ表示される[0m
[31mrspec ./spec/system/02_after_login_spec.rb:279[0m [36m# [STEP2] ユーザログイン後のテスト ユーザ一覧画面のテスト 表示内容の確認 自分と他人のshowリンクがそれぞれ表示される[0m
[31mrspec ./spec/system/02_after_login_spec.rb:286[0m [36m# [STEP2] ユーザログイン後のテスト ユーザ一覧画面のテスト サイドバーの確認 自分の名前と紹介文が表示される[0m
[31mrspec ./spec/system/02_after_login_spec.rb:290[0m [36m# [STEP2] ユーザログイン後のテスト ユーザ一覧画面のテスト サイドバーの確認 自分のユーザ編集画面へのリンクが存在する[0m
[31mrspec ./spec/system/02_after_login_spec.rb:293[0m [36m# [STEP2] ユーザログイン後のテスト ユーザ一覧画面のテスト サイドバーの確認 「New book」と表示される[0m
[31mrspec ./spec/system/02_after_login_spec.rb:296[0m [36m# [STEP2] ユーザログイン後のテスト ユーザ一覧画面のテスト サイドバーの確認 titleフォームが表示される[0m
[31mrspec ./spec/system/02_after_login_spec.rb:299[0m [36m# [STEP2] ユーザログイン後のテスト ユーザ一覧画面のテスト サイドバーの確認 titleフォームに値が入っていない[0m
[31mrspec ./spec/system/02_after_login_spec.rb:302[0m [36m# [STEP2] ユーザログイン後のテスト ユーザ一覧画面のテスト サイドバーの確認 bodyフォームが表示される[0m
[31mrspec ./spec/system/02_after_login_spec.rb:305[0m [36m# [STEP2] ユーザログイン後のテスト ユーザ一覧画面のテスト サイドバーの確認 bodyフォームに値が入っていない[0m
[31mrspec ./spec/system/02_after_login_spec.rb:308[0m [36m# [STEP2] ユーザログイン後のテスト ユーザ一覧画面のテスト サイドバーの確認 Create Bookボタンが表示される[0m
[31mrspec ./spec/system/02_after_login_spec.rb:380[0m [36m# [STEP2] ユーザログイン後のテスト 自分のユーザ情報編集画面のテスト 表示の確認 画像編集フォームが表示される[0m
[31mrspec ./spec/system/03_finishing_touches_spec.rb:12[0m [36m# [STEP3] 仕上げのテスト サクセスメッセージのテスト ユーザ新規登録成功時[0m
[31mrspec ./spec/system/03_finishing_touches_spec.rb:21[0m [36m# [STEP3] 仕上げのテスト サクセスメッセージのテスト ユーザログイン成功時[0m
[31mrspec ./spec/system/03_finishing_touches_spec.rb:28[0m [36m# [STEP3] 仕上げのテスト サクセスメッセージのテスト ユーザログアウト成功時[0m
[31mrspec ./spec/system/03_finishing_touches_spec.rb:38[0m [36m# [STEP3] 仕上げのテスト サクセスメッセージのテスト ユーザのプロフィール情報更新成功時[0m
[31mrspec ./spec/system/03_finishing_touches_spec.rb:144[0m [36m# [STEP3] 仕上げのテスト 処理失敗時のテスト 投稿データの新規投稿失敗: 投稿一覧画面から行い、titleを空にする バリデーションエラーが表示される[0m
[31mrspec ./spec/system/03_finishing_touches_spec.rb:265[0m [36m# [STEP3] 仕上げのテスト 他人の画面のテスト 他人の投稿編集画面 遷移できず、投稿一覧画面にリダイレクトされる[0m
[31mrspec ./spec/system/03_finishing_touches_spec.rb:316[0m [36m# [STEP3] 仕上げのテスト 他人の画面のテスト 他人のユーザ情報編集画面 遷移できず、自分のユーザ詳細画面にリダイレクトされる[0m
[31mrspec ./spec/system/03_finishing_touches_spec.rb:333[0m [36m# [STEP3] 仕上げのテスト グリッドシステムのテスト: container, row, col-md-〇を正しく使えている ユーザ一覧画面[0m
[31mrspec ./spec/system/03_finishing_touches_spec.rb:375[0m [36m# [STEP3] 仕上げのテスト アイコンのテスト アバウト画面 本のアイコンが表示される[0m
[31mrspec ./spec/system/03_finishing_touches_spec.rb:420[0m [36m# [STEP3] 仕上げのテスト アイコンのテスト ヘッダー: ログインしている場合 Log outリンクのアイコンが表示される[0m
[31mrspec ./spec/system/03_finishing_touches_spec.rb:435[0m [36m# [STEP3] 仕上げのテスト アイコンのテスト サイドバー ユーザ一覧画面でレンチアイコンが表示される[0m
[31mrspec ./spec/system/03_finishing_touches_spec.rb:439[0m [36m# [STEP3] 仕上げのテスト アイコンのテスト サイドバー ユーザ詳細画面でレンチアイコンが表示される[0m
[31mrspec ./spec/system/03_finishing_touches_spec.rb:443[0m [36m# [STEP3] 仕上げのテスト アイコンのテスト サイドバー 投稿一覧画面でレンチアイコンが表示される[0m
[31mrspec ./spec/system/03_finishing_touches_spec.rb:447[0m [36m# [STEP3] 仕上げのテスト アイコンのテスト サイドバー 投稿詳細画面でレンチアイコンが表示される[0m

